2017-08-23 16:35:12.706  INFO 12568 --- [restartedMain] c.s.TranslateProjectApplication          : Starting TranslateProjectApplication on ILBNC4VRRQ with PID 12568 (C:\Users\wujiao\Downloads\translate_project\target\classes started by wujiao in C:\Users\wujiao\Downloads\translate_project)
2017-08-23 16:35:12.710  INFO 12568 --- [restartedMain] c.s.TranslateProjectApplication          : No active profile set, falling back to default profiles: default
2017-08-23 16:35:13.329  INFO 12568 --- [restartedMain] ationConfigEmbeddedWebApplicationContext : Refreshing org.springframework.boot.context.embedded.AnnotationConfigEmbeddedWebApplicationContext@2a3820ba: startup date [Wed Aug 23 16:35:13 CST 2017]; root of context hierarchy
2017-08-23 16:35:20.811  INFO 12568 --- [restartedMain] s.b.c.e.t.TomcatEmbeddedServletContainer : Tomcat initialized with port(s): 8080 (http)
2017-08-23 16:35:20.862  INFO 12568 --- [restartedMain] o.apache.catalina.core.StandardService   : Starting service [Tomcat]
2017-08-23 16:35:20.864  INFO 12568 --- [restartedMain] org.apache.catalina.core.StandardEngine  : Starting Servlet Engine: Apache Tomcat/8.5.15
2017-08-23 16:35:21.165  INFO 12568 --- [localhost-startStop-1] o.a.c.c.C.[Tomcat].[localhost].[/]       : Initializing Spring embedded WebApplicationContext
2017-08-23 16:35:21.166  INFO 12568 --- [localhost-startStop-1] o.s.web.context.ContextLoader            : Root WebApplicationContext: initialization completed in 7847 ms
2017-08-23 16:35:21.551  INFO 12568 --- [localhost-startStop-1] o.s.b.w.servlet.ServletRegistrationBean  : Mapping servlet: 'dispatcherServlet' to [/]
2017-08-23 16:35:21.560  INFO 12568 --- [localhost-startStop-1] o.s.b.w.servlet.FilterRegistrationBean   : Mapping filter: 'characterEncodingFilter' to: [/*]
2017-08-23 16:35:21.561  INFO 12568 --- [localhost-startStop-1] o.s.b.w.servlet.FilterRegistrationBean   : Mapping filter: 'hiddenHttpMethodFilter' to: [/*]
2017-08-23 16:35:21.562  INFO 12568 --- [localhost-startStop-1] o.s.b.w.servlet.FilterRegistrationBean   : Mapping filter: 'httpPutFormContentFilter' to: [/*]
2017-08-23 16:35:21.563  INFO 12568 --- [localhost-startStop-1] o.s.b.w.servlet.FilterRegistrationBean   : Mapping filter: 'requestContextFilter' to: [/*]
2017-08-23 16:35:21.563  INFO 12568 --- [localhost-startStop-1] o.s.b.w.servlet.FilterRegistrationBean   : Mapping filter: 'corsFilter' to: [/*]
2017-08-23 16:35:22.539  INFO 12568 --- [restartedMain] j.LocalContainerEntityManagerFactoryBean : Building JPA container EntityManagerFactory for persistence unit 'default'
2017-08-23 16:35:22.561  INFO 12568 --- [restartedMain] o.hibernate.jpa.internal.util.LogHelper  : HHH000204: Processing PersistenceUnitInfo [
	name: default
	...]
2017-08-23 16:35:22.747  INFO 12568 --- [restartedMain] org.hibernate.Version                    : HHH000412: Hibernate Core {5.0.12.Final}
2017-08-23 16:35:22.752  INFO 12568 --- [restartedMain] org.hibernate.cfg.Environment            : HHH000206: hibernate.properties not found
2017-08-23 16:35:22.756  INFO 12568 --- [restartedMain] org.hibernate.cfg.Environment            : HHH000021: Bytecode provider name : javassist
2017-08-23 16:35:22.876  INFO 12568 --- [restartedMain] o.hibernate.annotations.common.Version   : HCANN000001: Hibernate Commons Annotations {5.0.1.Final}
2017-08-23 16:35:23.222  INFO 12568 --- [restartedMain] org.hibernate.dialect.Dialect            : HHH000400: Using dialect: org.hibernate.dialect.MySQL5Dialect
2017-08-23 16:35:24.521  INFO 12568 --- [restartedMain] org.hibernate.tool.hbm2ddl.SchemaUpdate  : HHH000228: Running hbm2ddl schema update
2017-08-23 16:35:27.072  INFO 12568 --- [restartedMain] j.LocalContainerEntityManagerFactoryBean : Initialized JPA EntityManagerFactory for persistence unit 'default'
2017-08-23 16:35:28.206  INFO 12568 --- [restartedMain] s.w.s.m.m.a.RequestMappingHandlerAdapter : Looking for @ControllerAdvice: org.springframework.boot.context.embedded.AnnotationConfigEmbeddedWebApplicationContext@2a3820ba: startup date [Wed Aug 23 16:35:13 CST 2017]; root of context hierarchy
2017-08-23 16:35:28.362  INFO 12568 --- [restartedMain] s.w.s.m.m.a.RequestMappingHandlerMapping : Mapped "{[/translate/enterprise/selectProjectById],methods=[POST]}" onto public com.springboot.domain.TpEnterpriseProject com.springboot.controller.EnterpriseController.selectProjectById(com.springboot.dto.EnterpriseProject)
2017-08-23 16:35:28.365  INFO 12568 --- [restartedMain] s.w.s.m.m.a.RequestMappingHandlerMapping : Mapped "{[/translate/enterprise/modifyPass],methods=[POST]}" onto public java.lang.String com.springboot.controller.EnterpriseController.modifyPass(com.springboot.dto.Password,org.springframework.validation.BindingResult,javax.servlet.http.HttpSession)
2017-08-23 16:35:28.366  INFO 12568 --- [restartedMain] s.w.s.m.m.a.RequestMappingHandlerMapping : Mapped "{[/translate/enterprise/resetPass],methods=[POST]}" onto public java.lang.String com.springboot.controller.EnterpriseController.resetPass(com.springboot.dto.EnterpriseResetPass,org.springframework.validation.BindingResult)
2017-08-23 16:35:28.367  INFO 12568 --- [restartedMain] s.w.s.m.m.a.RequestMappingHandlerMapping : Mapped "{[/translate/enterprise/login],methods=[POST]}" onto public java.lang.String com.springboot.controller.EnterpriseController.enterpriseLogin(com.springboot.dto.Login,org.springframework.validation.BindingResult,javax.servlet.http.HttpSession)
2017-08-23 16:35:28.368  INFO 12568 --- [restartedMain] s.w.s.m.m.a.RequestMappingHandlerMapping : Mapped "{[/translate/enterprise/modifyEnterprise],methods=[POST]}" onto public java.lang.String com.springboot.controller.EnterpriseController.modifyEnterprise(com.springboot.domain.TpEnterprise,org.springframework.validation.BindingResult,javax.servlet.http.HttpSession)
2017-08-23 16:35:28.369  INFO 12568 --- [restartedMain] s.w.s.m.m.a.RequestMappingHandlerMapping : Mapped "{[/translate/enterprise/newProject],methods=[POST]}" onto public java.lang.String com.springboot.controller.EnterpriseController.newProject(com.springboot.domain.TpEnterpriseProject,javax.servlet.http.HttpSession)
2017-08-23 16:35:28.370  INFO 12568 --- [restartedMain] s.w.s.m.m.a.RequestMappingHandlerMapping : Mapped "{[/translate/enterprise/register],methods=[POST]}" onto public java.lang.String com.springboot.controller.EnterpriseController.insertEnterprise(com.springboot.domain.TpEnterprise,org.springframework.validation.BindingResult)
2017-08-23 16:35:28.372  INFO 12568 --- [restartedMain] s.w.s.m.m.a.RequestMappingHandlerMapping : Mapped "{[/translate/enterprise/modifyProject],methods=[POST]}" onto public java.lang.String com.springboot.controller.EnterpriseController.modifyProject(com.springboot.domain.TpEnterpriseProject,org.springframework.validation.BindingResult,javax.servlet.http.HttpSession)
2017-08-23 16:35:28.373  INFO 12568 --- [restartedMain] s.w.s.m.m.a.RequestMappingHandlerMapping : Mapped "{[/translate/enterprise/delProject],methods=[POST]}" onto public java.lang.String com.springboot.controller.EnterpriseController.delProject(com.springboot.dto.EnterpriseProject)
2017-08-23 16:35:28.374  INFO 12568 --- [restartedMain] s.w.s.m.m.a.RequestMappingHandlerMapping : Mapped "{[/translate/enterprise/selectProject],methods=[POST]}" onto public java.util.List<com.springboot.domain.TpEnterpriseProject> com.springboot.controller.EnterpriseController.selectProjects(com.springboot.dto.EnterpriseProject)
2017-08-23 16:35:28.375  INFO 12568 --- [restartedMain] s.w.s.m.m.a.RequestMappingHandlerMapping : Mapped "{[/translate/enterprise/latest],methods=[POST]}" onto public java.util.List<com.springboot.domain.TpEnterpriseProject> com.springboot.controller.EnterpriseController.selectLatestFour()
2017-08-23 16:35:28.376  INFO 12568 --- [restartedMain] s.w.s.m.m.a.RequestMappingHandlerMapping : Mapped "{[/translate/enterprise/emailCheck]}" onto public java.lang.String com.springboot.controller.EnterpriseController.emailCheck(com.springboot.dto.CheckMail)
2017-08-23 16:35:28.376  INFO 12568 --- [restartedMain] s.w.s.m.m.a.RequestMappingHandlerMapping : Mapped "{[/translate/enterprise/sendMail]}" onto public void com.springboot.controller.EnterpriseController.sendMail(com.springboot.dto.CheckMail) throws java.lang.Exception
2017-08-23 16:35:28.382  INFO 12568 --- [restartedMain] s.w.s.m.m.a.RequestMappingHandlerMapping : Mapped "{[/translate/uploadPicture],methods=[POST]}" onto public com.springboot.dto.updto.ControllerResponse com.springboot.controller.FileUploadController.handlePictureUpload(org.springframework.web.multipart.MultipartFile,org.springframework.ui.Model,javax.servlet.http.HttpSession)
2017-08-23 16:35:28.383  INFO 12568 --- [restartedMain] s.w.s.m.m.a.RequestMappingHandlerMapping : Mapped "{[/translate/pictures/{filename:.+}],methods=[GET]}" onto public org.springframework.http.ResponseEntity<org.springframework.core.io.Resource> com.springboot.controller.FileUploadController.servePicture(java.lang.String)
2017-08-23 16:35:28.384  INFO 12568 --- [restartedMain] s.w.s.m.m.a.RequestMappingHandlerMapping : Mapped "{[/translate/uploadFile],methods=[POST]}" onto public com.springboot.dto.updto.ControllerResponse com.springboot.controller.FileUploadController.handleFileUpload(org.springframework.web.multipart.MultipartFile,org.springframework.ui.Model,javax.servlet.http.HttpSession)
2017-08-23 16:35:28.386  INFO 12568 --- [restartedMain] s.w.s.m.m.a.RequestMappingHandlerMapping : Mapped "{[/translate/files/{filename:.+}],methods=[GET]}" onto public org.springframework.http.ResponseEntity<org.springframework.core.io.Resource> com.springboot.controller.FileUploadController.serveFile(java.lang.String)
2017-08-23 16:35:28.388  INFO 12568 --- [restartedMain] s.w.s.m.m.a.RequestMappingHandlerMapping : Mapped "{[/translate/]}" onto public java.lang.String com.springboot.controller.IndexController.index()
2017-08-23 16:35:28.389  INFO 12568 --- [restartedMain] s.w.s.m.m.a.RequestMappingHandlerMapping : Mapped "{[/translate/logout]}" onto public java.lang.String com.springboot.controller.IndexController.serviceProviderLogout(javax.servlet.http.HttpSession)
2017-08-23 16:35:28.390  INFO 12568 --- [restartedMain] s.w.s.m.m.a.RequestMappingHandlerMapping : Mapped "{[/translate/checkKaptcha],methods=[GET]}" onto public java.lang.String com.springboot.controller.IndexController.checkKaptcha(java.lang.String,javax.servlet.http.HttpServletRequest,javax.servlet.http.HttpServletResponse) throws java.lang.Exception
2017-08-23 16:35:28.391  INFO 12568 --- [restartedMain] s.w.s.m.m.a.RequestMappingHandlerMapping : Mapped "{[/translate/register],methods=[POST]}" onto public java.lang.String com.springboot.controller.IndexController.insertPerson(com.springboot.dto.Register,com.springboot.domain.TpFile,javax.servlet.http.HttpServletRequest,javax.servlet.http.HttpServletResponse,org.springframework.validation.BindingResult)
2017-08-23 16:35:28.392  INFO 12568 --- [restartedMain] s.w.s.m.m.a.RequestMappingHandlerMapping : Mapped "{[/translate/getKaptchaImage],methods=[GET]}" onto public org.springframework.web.servlet.ModelAndView com.springboot.controller.IndexController.getKaptchaImage(javax.servlet.http.HttpServletRequest,javax.servlet.http.HttpServletResponse) throws java.lang.Exception
2017-08-23 16:35:28.403  INFO 12568 --- [restartedMain] s.w.s.m.m.a.RequestMappingHandlerMapping : Mapped "{[/translate/personal/modifyPass],methods=[POST]}" onto public java.lang.String com.springboot.controller.PersonalController.modifyPass(com.springboot.dto.Password,org.springframework.validation.BindingResult,javax.servlet.http.HttpSession)
2017-08-23 16:35:28.404  INFO 12568 --- [restartedMain] s.w.s.m.m.a.RequestMappingHandlerMapping : Mapped "{[/translate/personal/resetPass],methods=[POST]}" onto public java.lang.String com.springboot.controller.PersonalController.resetPass(com.springboot.dto.PersonalResetPass,org.springframework.validation.BindingResult)
2017-08-23 16:35:28.406  INFO 12568 --- [restartedMain] s.w.s.m.m.a.RequestMappingHandlerMapping : Mapped "{[/translate/personal/emailCheck]}" onto public java.lang.String com.springboot.controller.PersonalController.emailCheck(com.springboot.dto.CheckMail)
2017-08-23 16:35:28.406  INFO 12568 --- [restartedMain] s.w.s.m.m.a.RequestMappingHandlerMapping : Mapped "{[/translate/personal/sendMail]}" onto public void com.springboot.controller.PersonalController.sendMail(com.springboot.dto.CheckMail) throws java.lang.Exception
2017-08-23 16:35:28.408  INFO 12568 --- [restartedMain] s.w.s.m.m.a.RequestMappingHandlerMapping : Mapped "{[/translate/personal/delInfo]}" onto public java.lang.String com.springboot.controller.PersonalController.delInfo(com.springboot.dto.PersonInfo)
2017-08-23 16:35:28.409  INFO 12568 --- [restartedMain] s.w.s.m.m.a.RequestMappingHandlerMapping : Mapped "{[/translate/personal/newInfo],methods=[POST]}" onto public java.lang.String com.springboot.controller.PersonalController.newInfo(com.springboot.domain.TpPersonInfo,javax.servlet.http.HttpSession)
2017-08-23 16:35:28.409  INFO 12568 --- [restartedMain] s.w.s.m.m.a.RequestMappingHandlerMapping : Mapped "{[/translate/personal/modifyInfo],methods=[POST]}" onto public void com.springboot.controller.PersonalController.updateInfoById(com.springboot.domain.TpPersonInfo)
2017-08-23 16:35:28.409  INFO 12568 --- [restartedMain] s.w.s.m.m.a.RequestMappingHandlerMapping : Mapped "{[/translate/personal/login],methods=[POST]}" onto public java.lang.String com.springboot.controller.PersonalController.personalLogin(com.springboot.dto.Login,org.springframework.validation.BindingResult,javax.servlet.http.HttpSession)
2017-08-23 16:35:28.409  INFO 12568 --- [restartedMain] s.w.s.m.m.a.RequestMappingHandlerMapping : Mapped "{[/translate/personal/register],methods=[POST]}" onto public java.lang.String com.springboot.controller.PersonalController.insertPerson(com.springboot.domain.TpPersonal,com.springboot.domain.TpFile,org.springframework.validation.BindingResult)
2017-08-23 16:35:28.410  INFO 12568 --- [restartedMain] s.w.s.m.m.a.RequestMappingHandlerMapping : Mapped "{[/translate/personal/modifyPerson],methods=[POST]}" onto public java.lang.String com.springboot.controller.PersonalController.modifyPerson(com.springboot.dto.Personal,org.springframework.validation.BindingResult,javax.servlet.http.HttpSession)
2017-08-23 16:35:28.411  INFO 12568 --- [restartedMain] s.w.s.m.m.a.RequestMappingHandlerMapping : Mapped "{[/translate/personal/latest]}" onto public java.util.List<com.springboot.domain.TpPersonInfo> com.springboot.controller.PersonalController.selectLatestFive(java.lang.Integer)
2017-08-23 16:35:28.412  INFO 12568 --- [restartedMain] s.w.s.m.m.a.RequestMappingHandlerMapping : Mapped "{[/translate/personal/selectInfo],methods=[POST]}" onto public java.util.List<com.springboot.domain.TpPersonInfo> com.springboot.controller.PersonalController.selectInfos(com.springboot.dto.PersonInfo)
2017-08-23 16:35:28.414  INFO 12568 --- [restartedMain] s.w.s.m.m.a.RequestMappingHandlerMapping : Mapped "{[/translate/personal/selectInfoById],methods=[POST]}" onto public com.springboot.domain.TpPersonInfo com.springboot.controller.PersonalController.selectInfoById(com.springboot.dto.PersonInfo)
2017-08-23 16:35:28.421  INFO 12568 --- [restartedMain] s.w.s.m.m.a.RequestMappingHandlerMapping : Mapped "{[/translate/serviceProvider/register],methods=[POST]}" onto public java.lang.String com.springboot.controller.ServiceProviderController.insertServiceProvider(com.springboot.domain.TpServiceProvider,org.springframework.validation.BindingResult)
2017-08-23 16:35:28.422  INFO 12568 --- [restartedMain] s.w.s.m.m.a.RequestMappingHandlerMapping : Mapped "{[/translate/serviceProvider/login],methods=[POST]}" onto public java.lang.String com.springboot.controller.ServiceProviderController.serviceProviderLogin(java.lang.String,java.lang.String,javax.servlet.http.HttpSession)
2017-08-23 16:35:28.422  INFO 12568 --- [restartedMain] s.w.s.m.m.a.RequestMappingHandlerMapping : Mapped "{[/translate/serviceProvider/modifyPass],methods=[POST]}" onto public java.lang.String com.springboot.controller.ServiceProviderController.modifyPass(com.springboot.dto.Password,org.springframework.validation.BindingResult,javax.servlet.http.HttpSession)
2017-08-23 16:35:28.423  INFO 12568 --- [restartedMain] s.w.s.m.m.a.RequestMappingHandlerMapping : Mapped "{[/translate/serviceProvider/modifyerviceProvider],methods=[POST]}" onto public java.lang.String com.springboot.controller.ServiceProviderController.modifyEnterprise(com.springboot.dto.ServiceProvider,org.springframework.validation.BindingResult,javax.servlet.http.HttpSession)
2017-08-23 16:35:28.425  INFO 12568 --- [restartedMain] s.w.s.m.m.a.RequestMappingHandlerMapping : Mapped "{[/translate/serviceProvider/newInfo],methods=[POST]}" onto public java.lang.String com.springboot.controller.ServiceProviderController.newInfo(com.springboot.domain.TpServiceProviderInfo)
2017-08-23 16:35:28.427  INFO 12568 --- [restartedMain] s.w.s.m.m.a.RequestMappingHandlerMapping : Mapped "{[/translate/serviceProvider/latest]}" onto public java.util.List<com.springboot.domain.TpServiceProviderInfo> com.springboot.controller.ServiceProviderController.selectLatestTen()
2017-08-23 16:35:28.428  INFO 12568 --- [restartedMain] s.w.s.m.m.a.RequestMappingHandlerMapping : Mapped "{[/translate/serviceProvider/selectInfo],methods=[POST]}" onto public java.util.List<com.springboot.domain.TpServiceProviderInfo> com.springboot.controller.ServiceProviderController.selectInfos(com.springboot.dto.SelectServiceProviderInfo)
2017-08-23 16:35:28.434  INFO 12568 --- [restartedMain] s.w.s.m.m.a.RequestMappingHandlerMapping : Mapped "{[/error]}" onto public org.springframework.http.ResponseEntity<java.util.Map<java.lang.String, java.lang.Object>> org.springframework.boot.autoconfigure.web.BasicErrorController.error(javax.servlet.http.HttpServletRequest)
2017-08-23 16:35:28.438  INFO 12568 --- [restartedMain] s.w.s.m.m.a.RequestMappingHandlerMapping : Mapped "{[/error],produces=[text/html]}" onto public org.springframework.web.servlet.ModelAndView org.springframework.boot.autoconfigure.web.BasicErrorController.errorHtml(javax.servlet.http.HttpServletRequest,javax.servlet.http.HttpServletResponse)
2017-08-23 16:35:28.522  INFO 12568 --- [restartedMain] o.s.w.s.handler.SimpleUrlHandlerMapping  : Mapped URL path [/webjars/**] onto handler of type [class org.springframework.web.servlet.resource.ResourceHttpRequestHandler]
2017-08-23 16:35:28.523  INFO 12568 --- [restartedMain] o.s.w.s.handler.SimpleUrlHandlerMapping  : Mapped URL path [/**] onto handler of type [class org.springframework.web.servlet.resource.ResourceHttpRequestHandler]
2017-08-23 16:35:28.564  INFO 12568 --- [restartedMain] .m.m.a.ExceptionHandlerExceptionResolver : Detected @ExceptionHandler methods in globalExceptionHandler
2017-08-23 16:35:28.615  INFO 12568 --- [restartedMain] o.s.w.s.handler.SimpleUrlHandlerMapping  : Mapped URL path [/**/favicon.ico] onto handler of type [class org.springframework.web.servlet.resource.ResourceHttpRequestHandler]
2017-08-23 16:35:28.700  WARN 12568 --- [restartedMain] .t.AbstractTemplateResolverConfiguration : Cannot find template location: classpath:/templates/ (please add some templates or check your Thymeleaf configuration)
2017-08-23 16:35:29.897  WARN 12568 --- [restartedMain] o.s.b.d.a.OptionalLiveReloadServer       : Unable to start LiveReload server
2017-08-23 16:35:30.000  INFO 12568 --- [restartedMain] o.s.j.e.a.AnnotationMBeanExporter        : Registering beans for JMX exposure on startup
2017-08-23 16:35:30.098 ERROR 12568 --- [restartedMain] o.a.coyote.http11.Http11NioProtocol      : Failed to start end point associated with ProtocolHandler ["http-nio-8080"]

java.net.BindException: Address already in use: bind
	at sun.nio.ch.Net.bind0(Native Method) ~[na:1.8.0_101]
	at sun.nio.ch.Net.bind(Net.java:433) ~[na:1.8.0_101]
	at sun.nio.ch.Net.bind(Net.java:425) ~[na:1.8.0_101]
	at sun.nio.ch.ServerSocketChannelImpl.bind(ServerSocketChannelImpl.java:223) ~[na:1.8.0_101]
	at sun.nio.ch.ServerSocketAdaptor.bind(ServerSocketAdaptor.java:74) ~[na:1.8.0_101]
	at org.apache.tomcat.util.net.NioEndpoint.bind(NioEndpoint.java:210) ~[tomcat-embed-core-8.5.15.jar:8.5.15]
	at org.apache.tomcat.util.net.AbstractEndpoint.start(AbstractEndpoint.java:978) ~[tomcat-embed-core-8.5.15.jar:8.5.15]
	at org.apache.coyote.AbstractProtocol.start(AbstractProtocol.java:628) ~[tomcat-embed-core-8.5.15.jar:8.5.15]
	at org.apache.catalina.connector.Connector.startInternal(Connector.java:1022) [tomcat-embed-core-8.5.15.jar:8.5.15]
	at org.apache.catalina.util.LifecycleBase.start(LifecycleBase.java:150) [tomcat-embed-core-8.5.15.jar:8.5.15]
	at org.apache.catalina.core.StandardService.addConnector(StandardService.java:225) [tomcat-embed-core-8.5.15.jar:8.5.15]
	at org.springframework.boot.context.embedded.tomcat.TomcatEmbeddedServletContainer.addPreviouslyRemovedConnectors(TomcatEmbeddedServletContainer.java:250) [spring-boot-1.5.4.RELEASE.jar:1.5.4.RELEASE]
	at org.springframework.boot.context.embedded.tomcat.TomcatEmbeddedServletContainer.start(TomcatEmbeddedServletContainer.java:193) [spring-boot-1.5.4.RELEASE.jar:1.5.4.RELEASE]
	at org.springframework.boot.context.embedded.EmbeddedWebApplicationContext.startEmbeddedServletContainer(EmbeddedWebApplicationContext.java:297) [spring-boot-1.5.4.RELEASE.jar:1.5.4.RELEASE]
	at org.springframework.boot.context.embedded.EmbeddedWebApplicationContext.finishRefresh(EmbeddedWebApplicationContext.java:145) [spring-boot-1.5.4.RELEASE.jar:1.5.4.RELEASE]
	at org.springframework.context.support.AbstractApplicationContext.refresh(AbstractApplicationContext.java:546) [spring-context-4.3.9.RELEASE.jar:4.3.9.RELEASE]
	at org.springframework.boot.context.embedded.EmbeddedWebApplicationContext.refresh(EmbeddedWebApplicationContext.java:122) [spring-boot-1.5.4.RELEASE.jar:1.5.4.RELEASE]
	at org.springframework.boot.SpringApplication.refresh(SpringApplication.java:693) [spring-boot-1.5.4.RELEASE.jar:1.5.4.RELEASE]
	at org.springframework.boot.SpringApplication.refreshContext(SpringApplication.java:360) [spring-boot-1.5.4.RELEASE.jar:1.5.4.RELEASE]
	at org.springframework.boot.SpringApplication.run(SpringApplication.java:303) [spring-boot-1.5.4.RELEASE.jar:1.5.4.RELEASE]
	at org.springframework.boot.SpringApplication.run(SpringApplication.java:1118) [spring-boot-1.5.4.RELEASE.jar:1.5.4.RELEASE]
	at org.springframework.boot.SpringApplication.run(SpringApplication.java:1107) [spring-boot-1.5.4.RELEASE.jar:1.5.4.RELEASE]
	at com.springboot.TranslateProjectApplication.main(TranslateProjectApplication.java:21) [classes/:na]
	at sun.reflect.NativeMethodAccessorImpl.invoke0(Native Method) ~[na:1.8.0_101]
	at sun.reflect.NativeMethodAccessorImpl.invoke(NativeMethodAccessorImpl.java:62) ~[na:1.8.0_101]
	at sun.reflect.DelegatingMethodAccessorImpl.invoke(DelegatingMethodAccessorImpl.java:43) ~[na:1.8.0_101]
	at java.lang.reflect.Method.invoke(Method.java:498) ~[na:1.8.0_101]
	at org.springframework.boot.devtools.restart.RestartLauncher.run(RestartLauncher.java:49) [spring-boot-devtools-1.5.4.RELEASE.jar:1.5.4.RELEASE]

2017-08-23 16:35:30.101 ERROR 12568 --- [restartedMain] o.apache.catalina.core.StandardService   : Failed to start connector [Connector[HTTP/1.1-8080]]

org.apache.catalina.LifecycleException: Failed to start component [Connector[HTTP/1.1-8080]]
	at org.apache.catalina.util.LifecycleBase.start(LifecycleBase.java:167) ~[tomcat-embed-core-8.5.15.jar:8.5.15]
	at org.apache.catalina.core.StandardService.addConnector(StandardService.java:225) ~[tomcat-embed-core-8.5.15.jar:8.5.15]
	at org.springframework.boot.context.embedded.tomcat.TomcatEmbeddedServletContainer.addPreviouslyRemovedConnectors(TomcatEmbeddedServletContainer.java:250) [spring-boot-1.5.4.RELEASE.jar:1.5.4.RELEASE]
	at org.springframework.boot.context.embedded.tomcat.TomcatEmbeddedServletContainer.start(TomcatEmbeddedServletContainer.java:193) [spring-boot-1.5.4.RELEASE.jar:1.5.4.RELEASE]
	at org.springframework.boot.context.embedded.EmbeddedWebApplicationContext.startEmbeddedServletContainer(EmbeddedWebApplicationContext.java:297) [spring-boot-1.5.4.RELEASE.jar:1.5.4.RELEASE]
	at org.springframework.boot.context.embedded.EmbeddedWebApplicationContext.finishRefresh(EmbeddedWebApplicationContext.java:145) [spring-boot-1.5.4.RELEASE.jar:1.5.4.RELEASE]
	at org.springframework.context.support.AbstractApplicationContext.refresh(AbstractApplicationContext.java:546) [spring-context-4.3.9.RELEASE.jar:4.3.9.RELEASE]
	at org.springframework.boot.context.embedded.EmbeddedWebApplicationContext.refresh(EmbeddedWebApplicationContext.java:122) [spring-boot-1.5.4.RELEASE.jar:1.5.4.RELEASE]
	at org.springframework.boot.SpringApplication.refresh(SpringApplication.java:693) [spring-boot-1.5.4.RELEASE.jar:1.5.4.RELEASE]
	at org.springframework.boot.SpringApplication.refreshContext(SpringApplication.java:360) [spring-boot-1.5.4.RELEASE.jar:1.5.4.RELEASE]
	at org.springframework.boot.SpringApplication.run(SpringApplication.java:303) [spring-boot-1.5.4.RELEASE.jar:1.5.4.RELEASE]
	at org.springframework.boot.SpringApplication.run(SpringApplication.java:1118) [spring-boot-1.5.4.RELEASE.jar:1.5.4.RELEASE]
	at org.springframework.boot.SpringApplication.run(SpringApplication.java:1107) [spring-boot-1.5.4.RELEASE.jar:1.5.4.RELEASE]
	at com.springboot.TranslateProjectApplication.main(TranslateProjectApplication.java:21) [classes/:na]
	at sun.reflect.NativeMethodAccessorImpl.invoke0(Native Method) ~[na:1.8.0_101]
	at sun.reflect.NativeMethodAccessorImpl.invoke(NativeMethodAccessorImpl.java:62) ~[na:1.8.0_101]
	at sun.reflect.DelegatingMethodAccessorImpl.invoke(DelegatingMethodAccessorImpl.java:43) ~[na:1.8.0_101]
	at java.lang.reflect.Method.invoke(Method.java:498) ~[na:1.8.0_101]
	at org.springframework.boot.devtools.restart.RestartLauncher.run(RestartLauncher.java:49) [spring-boot-devtools-1.5.4.RELEASE.jar:1.5.4.RELEASE]
Caused by: org.apache.catalina.LifecycleException: service.getName(): "Tomcat";  Protocol handler start failed
	at org.apache.catalina.connector.Connector.startInternal(Connector.java:1029) ~[tomcat-embed-core-8.5.15.jar:8.5.15]
	at org.apache.catalina.util.LifecycleBase.start(LifecycleBase.java:150) ~[tomcat-embed-core-8.5.15.jar:8.5.15]
	... 18 common frames omitted
Caused by: java.net.BindException: Address already in use: bind
	at sun.nio.ch.Net.bind0(Native Method) ~[na:1.8.0_101]
	at sun.nio.ch.Net.bind(Net.java:433) ~[na:1.8.0_101]
	at sun.nio.ch.Net.bind(Net.java:425) ~[na:1.8.0_101]
	at sun.nio.ch.ServerSocketChannelImpl.bind(ServerSocketChannelImpl.java:223) ~[na:1.8.0_101]
	at sun.nio.ch.ServerSocketAdaptor.bind(ServerSocketAdaptor.java:74) ~[na:1.8.0_101]
	at org.apache.tomcat.util.net.NioEndpoint.bind(NioEndpoint.java:210) ~[tomcat-embed-core-8.5.15.jar:8.5.15]
	at org.apache.tomcat.util.net.AbstractEndpoint.start(AbstractEndpoint.java:978) ~[tomcat-embed-core-8.5.15.jar:8.5.15]
	at org.apache.coyote.AbstractProtocol.start(AbstractProtocol.java:628) ~[tomcat-embed-core-8.5.15.jar:8.5.15]
	at org.apache.catalina.connector.Connector.startInternal(Connector.java:1022) ~[tomcat-embed-core-8.5.15.jar:8.5.15]
	... 19 common frames omitted

2017-08-23 16:35:30.123  INFO 12568 --- [restartedMain] o.apache.catalina.core.StandardService   : Stopping service [Tomcat]
2017-08-23 16:35:30.155  INFO 12568 --- [restartedMain] utoConfigurationReportLoggingInitializer : 

Error starting ApplicationContext. To display the auto-configuration report re-run your application with 'debug' enabled.
2017-08-23 16:35:30.166 ERROR 12568 --- [restartedMain] o.s.b.d.LoggingFailureAnalysisReporter   : 

***************************
APPLICATION FAILED TO START
***************************

Description:

The Tomcat connector configured to listen on port 8080 failed to start. The port may already be in use or the connector may be misconfigured.

Action:

Verify the connector's configuration, identify and stop any process that's listening on port 8080, or configure this application to listen on another port.

2017-08-23 16:35:30.170  INFO 12568 --- [restartedMain] ationConfigEmbeddedWebApplicationContext : Closing org.springframework.boot.context.embedded.AnnotationConfigEmbeddedWebApplicationContext@2a3820ba: startup date [Wed Aug 23 16:35:13 CST 2017]; root of context hierarchy
2017-08-23 16:35:30.174  INFO 12568 --- [restartedMain] o.s.j.e.a.AnnotationMBeanExporter        : Unregistering JMX-exposed beans on shutdown
2017-08-23 16:35:30.177  INFO 12568 --- [restartedMain] j.LocalContainerEntityManagerFactoryBean : Closing JPA EntityManagerFactory for persistence unit 'default'
2017-08-23 16:45:49.392  INFO 3024 --- [restartedMain] c.s.TranslateProjectApplication          : Starting TranslateProjectApplication on ILBNC4VRRQ with PID 3024 (C:\Users\wujiao\Downloads\translate_project\target\classes started by wujiao in C:\Users\wujiao\Downloads\translate_project)
2017-08-23 16:45:49.396  INFO 3024 --- [restartedMain] c.s.TranslateProjectApplication          : No active profile set, falling back to default profiles: default
2017-08-23 16:45:50.004  INFO 3024 --- [restartedMain] ationConfigEmbeddedWebApplicationContext : Refreshing org.springframework.boot.context.embedded.AnnotationConfigEmbeddedWebApplicationContext@2800454: startup date [Wed Aug 23 16:45:49 CST 2017]; root of context hierarchy
2017-08-23 16:45:56.181  INFO 3024 --- [restartedMain] s.b.c.e.t.TomcatEmbeddedServletContainer : Tomcat initialized with port(s): 8080 (http)
2017-08-23 16:45:56.225  INFO 3024 --- [restartedMain] o.apache.catalina.core.StandardService   : Starting service [Tomcat]
2017-08-23 16:45:56.227  INFO 3024 --- [restartedMain] org.apache.catalina.core.StandardEngine  : Starting Servlet Engine: Apache Tomcat/8.5.15
2017-08-23 16:45:56.532  INFO 3024 --- [localhost-startStop-1] o.a.c.c.C.[Tomcat].[localhost].[/]       : Initializing Spring embedded WebApplicationContext
2017-08-23 16:45:56.533  INFO 3024 --- [localhost-startStop-1] o.s.web.context.ContextLoader            : Root WebApplicationContext: initialization completed in 6535 ms
2017-08-23 16:45:56.914  INFO 3024 --- [localhost-startStop-1] o.s.b.w.servlet.ServletRegistrationBean  : Mapping servlet: 'dispatcherServlet' to [/]
2017-08-23 16:45:56.923  INFO 3024 --- [localhost-startStop-1] o.s.b.w.servlet.FilterRegistrationBean   : Mapping filter: 'characterEncodingFilter' to: [/*]
2017-08-23 16:45:56.924  INFO 3024 --- [localhost-startStop-1] o.s.b.w.servlet.FilterRegistrationBean   : Mapping filter: 'hiddenHttpMethodFilter' to: [/*]
2017-08-23 16:45:56.925  INFO 3024 --- [localhost-startStop-1] o.s.b.w.servlet.FilterRegistrationBean   : Mapping filter: 'httpPutFormContentFilter' to: [/*]
2017-08-23 16:45:56.926  INFO 3024 --- [localhost-startStop-1] o.s.b.w.servlet.FilterRegistrationBean   : Mapping filter: 'requestContextFilter' to: [/*]
2017-08-23 16:45:56.926  INFO 3024 --- [localhost-startStop-1] o.s.b.w.servlet.FilterRegistrationBean   : Mapping filter: 'corsFilter' to: [/*]
2017-08-23 16:45:57.824  INFO 3024 --- [restartedMain] j.LocalContainerEntityManagerFactoryBean : Building JPA container EntityManagerFactory for persistence unit 'default'
2017-08-23 16:45:57.849  INFO 3024 --- [restartedMain] o.hibernate.jpa.internal.util.LogHelper  : HHH000204: Processing PersistenceUnitInfo [
	name: default
	...]
2017-08-23 16:45:58.010  INFO 3024 --- [restartedMain] org.hibernate.Version                    : HHH000412: Hibernate Core {5.0.12.Final}
2017-08-23 16:45:58.013  INFO 3024 --- [restartedMain] org.hibernate.cfg.Environment            : HHH000206: hibernate.properties not found
2017-08-23 16:45:58.016  INFO 3024 --- [restartedMain] org.hibernate.cfg.Environment            : HHH000021: Bytecode provider name : javassist
2017-08-23 16:45:58.125  INFO 3024 --- [restartedMain] o.hibernate.annotations.common.Version   : HCANN000001: Hibernate Commons Annotations {5.0.1.Final}
2017-08-23 16:45:58.467  INFO 3024 --- [restartedMain] org.hibernate.dialect.Dialect            : HHH000400: Using dialect: org.hibernate.dialect.MySQL5Dialect
2017-08-23 16:45:59.818  INFO 3024 --- [restartedMain] org.hibernate.tool.hbm2ddl.SchemaUpdate  : HHH000228: Running hbm2ddl schema update
2017-08-23 16:46:02.250  INFO 3024 --- [restartedMain] j.LocalContainerEntityManagerFactoryBean : Initialized JPA EntityManagerFactory for persistence unit 'default'
2017-08-23 16:46:03.400  INFO 3024 --- [restartedMain] s.w.s.m.m.a.RequestMappingHandlerAdapter : Looking for @ControllerAdvice: org.springframework.boot.context.embedded.AnnotationConfigEmbeddedWebApplicationContext@2800454: startup date [Wed Aug 23 16:45:49 CST 2017]; root of context hierarchy
2017-08-23 16:46:03.572  INFO 3024 --- [restartedMain] s.w.s.m.m.a.RequestMappingHandlerMapping : Mapped "{[/translate/enterprise/modifyEnterprise],methods=[POST]}" onto public java.lang.String com.springboot.controller.EnterpriseController.modifyEnterprise(com.springboot.domain.TpEnterprise,org.springframework.validation.BindingResult,javax.servlet.http.HttpSession)
2017-08-23 16:46:03.575  INFO 3024 --- [restartedMain] s.w.s.m.m.a.RequestMappingHandlerMapping : Mapped "{[/translate/enterprise/login],methods=[POST]}" onto public java.lang.String com.springboot.controller.EnterpriseController.enterpriseLogin(com.springboot.dto.Login,org.springframework.validation.BindingResult,javax.servlet.http.HttpSession)
2017-08-23 16:46:03.576  INFO 3024 --- [restartedMain] s.w.s.m.m.a.RequestMappingHandlerMapping : Mapped "{[/translate/enterprise/resetPass],methods=[POST]}" onto public java.lang.String com.springboot.controller.EnterpriseController.resetPass(com.springboot.dto.EnterpriseResetPass,org.springframework.validation.BindingResult)
2017-08-23 16:46:03.577  INFO 3024 --- [restartedMain] s.w.s.m.m.a.RequestMappingHandlerMapping : Mapped "{[/translate/enterprise/newProject],methods=[POST]}" onto public java.lang.String com.springboot.controller.EnterpriseController.newProject(com.springboot.domain.TpEnterpriseProject,javax.servlet.http.HttpSession)
2017-08-23 16:46:03.579  INFO 3024 --- [restartedMain] s.w.s.m.m.a.RequestMappingHandlerMapping : Mapped "{[/translate/enterprise/modifyProject],methods=[POST]}" onto public java.lang.String com.springboot.controller.EnterpriseController.modifyProject(com.springboot.domain.TpEnterpriseProject,org.springframework.validation.BindingResult,javax.servlet.http.HttpSession)
2017-08-23 16:46:03.580  INFO 3024 --- [restartedMain] s.w.s.m.m.a.RequestMappingHandlerMapping : Mapped "{[/translate/enterprise/delProject],methods=[POST]}" onto public java.lang.String com.springboot.controller.EnterpriseController.delProject(com.springboot.dto.EnterpriseProject)
2017-08-23 16:46:03.584  INFO 3024 --- [restartedMain] s.w.s.m.m.a.RequestMappingHandlerMapping : Mapped "{[/translate/enterprise/selectProject],methods=[POST]}" onto public java.util.List<com.springboot.domain.TpEnterpriseProject> com.springboot.controller.EnterpriseController.selectProjects(com.springboot.dto.EnterpriseProject)
2017-08-23 16:46:03.586  INFO 3024 --- [restartedMain] s.w.s.m.m.a.RequestMappingHandlerMapping : Mapped "{[/translate/enterprise/register],methods=[POST]}" onto public java.lang.String com.springboot.controller.EnterpriseController.insertEnterprise(com.springboot.domain.TpEnterprise,org.springframework.validation.BindingResult)
2017-08-23 16:46:03.587  INFO 3024 --- [restartedMain] s.w.s.m.m.a.RequestMappingHandlerMapping : Mapped "{[/translate/enterprise/modifyPass],methods=[POST]}" onto public java.lang.String com.springboot.controller.EnterpriseController.modifyPass(com.springboot.dto.Password,org.springframework.validation.BindingResult,javax.servlet.http.HttpSession)
2017-08-23 16:46:03.589  INFO 3024 --- [restartedMain] s.w.s.m.m.a.RequestMappingHandlerMapping : Mapped "{[/translate/enterprise/emailCheck]}" onto public java.lang.String com.springboot.controller.EnterpriseController.emailCheck(com.springboot.dto.CheckMail)
2017-08-23 16:46:03.591  INFO 3024 --- [restartedMain] s.w.s.m.m.a.RequestMappingHandlerMapping : Mapped "{[/translate/enterprise/sendMail]}" onto public void com.springboot.controller.EnterpriseController.sendMail(com.springboot.dto.CheckMail) throws java.lang.Exception
2017-08-23 16:46:03.592  INFO 3024 --- [restartedMain] s.w.s.m.m.a.RequestMappingHandlerMapping : Mapped "{[/translate/enterprise/latest],methods=[POST]}" onto public java.util.List<com.springboot.domain.TpEnterpriseProject> com.springboot.controller.EnterpriseController.selectLatestFour()
2017-08-23 16:46:03.593  INFO 3024 --- [restartedMain] s.w.s.m.m.a.RequestMappingHandlerMapping : Mapped "{[/translate/enterprise/selectProjectById],methods=[POST]}" onto public com.springboot.domain.TpEnterpriseProject com.springboot.controller.EnterpriseController.selectProjectById(com.springboot.dto.EnterpriseProject)
2017-08-23 16:46:03.602  INFO 3024 --- [restartedMain] s.w.s.m.m.a.RequestMappingHandlerMapping : Mapped "{[/translate/pictures/{filename:.+}],methods=[GET]}" onto public org.springframework.http.ResponseEntity<org.springframework.core.io.Resource> com.springboot.controller.FileUploadController.servePicture(java.lang.String)
2017-08-23 16:46:03.603  INFO 3024 --- [restartedMain] s.w.s.m.m.a.RequestMappingHandlerMapping : Mapped "{[/translate/uploadFile],methods=[POST]}" onto public com.springboot.dto.updto.ControllerResponse com.springboot.controller.FileUploadController.handleFileUpload(org.springframework.web.multipart.MultipartFile,org.springframework.ui.Model,javax.servlet.http.HttpSession)
2017-08-23 16:46:03.604  INFO 3024 --- [restartedMain] s.w.s.m.m.a.RequestMappingHandlerMapping : Mapped "{[/translate/files/{filename:.+}],methods=[GET]}" onto public org.springframework.http.ResponseEntity<org.springframework.core.io.Resource> com.springboot.controller.FileUploadController.serveFile(java.lang.String)
2017-08-23 16:46:03.606  INFO 3024 --- [restartedMain] s.w.s.m.m.a.RequestMappingHandlerMapping : Mapped "{[/translate/uploadPicture],methods=[POST]}" onto public com.springboot.dto.updto.ControllerResponse com.springboot.controller.FileUploadController.handlePictureUpload(org.springframework.web.multipart.MultipartFile,org.springframework.ui.Model,javax.servlet.http.HttpSession)
2017-08-23 16:46:03.609  INFO 3024 --- [restartedMain] s.w.s.m.m.a.RequestMappingHandlerMapping : Mapped "{[/translate/]}" onto public java.lang.String com.springboot.controller.IndexController.index()
2017-08-23 16:46:03.611  INFO 3024 --- [restartedMain] s.w.s.m.m.a.RequestMappingHandlerMapping : Mapped "{[/translate/register],methods=[POST]}" onto public java.lang.String com.springboot.controller.IndexController.insertPerson(com.springboot.dto.Register,com.springboot.domain.TpFile,javax.servlet.http.HttpServletRequest,javax.servlet.http.HttpServletResponse,org.springframework.validation.BindingResult)
2017-08-23 16:46:03.612  INFO 3024 --- [restartedMain] s.w.s.m.m.a.RequestMappingHandlerMapping : Mapped "{[/translate/checkKaptcha],methods=[GET]}" onto public java.lang.String com.springboot.controller.IndexController.checkKaptcha(java.lang.String,javax.servlet.http.HttpServletRequest,javax.servlet.http.HttpServletResponse) throws java.lang.Exception
2017-08-23 16:46:03.612  INFO 3024 --- [restartedMain] s.w.s.m.m.a.RequestMappingHandlerMapping : Mapped "{[/translate/getKaptchaImage],methods=[GET]}" onto public org.springframework.web.servlet.ModelAndView com.springboot.controller.IndexController.getKaptchaImage(javax.servlet.http.HttpServletRequest,javax.servlet.http.HttpServletResponse) throws java.lang.Exception
2017-08-23 16:46:03.613  INFO 3024 --- [restartedMain] s.w.s.m.m.a.RequestMappingHandlerMapping : Mapped "{[/translate/logout]}" onto public java.lang.String com.springboot.controller.IndexController.serviceProviderLogout(javax.servlet.http.HttpSession)
2017-08-23 16:46:03.632  INFO 3024 --- [restartedMain] s.w.s.m.m.a.RequestMappingHandlerMapping : Mapped "{[/translate/personal/resetPass],methods=[POST]}" onto public java.lang.String com.springboot.controller.PersonalController.resetPass(com.springboot.dto.PersonalResetPass,org.springframework.validation.BindingResult)
2017-08-23 16:46:03.633  INFO 3024 --- [restartedMain] s.w.s.m.m.a.RequestMappingHandlerMapping : Mapped "{[/translate/personal/modifyPass],methods=[POST]}" onto public java.lang.String com.springboot.controller.PersonalController.modifyPass(com.springboot.dto.Password,org.springframework.validation.BindingResult,javax.servlet.http.HttpSession)
2017-08-23 16:46:03.635  INFO 3024 --- [restartedMain] s.w.s.m.m.a.RequestMappingHandlerMapping : Mapped "{[/translate/personal/modifyPerson],methods=[POST]}" onto public java.lang.String com.springboot.controller.PersonalController.modifyPerson(com.springboot.dto.Personal,org.springframework.validation.BindingResult,javax.servlet.http.HttpSession)
2017-08-23 16:46:03.636  INFO 3024 --- [restartedMain] s.w.s.m.m.a.RequestMappingHandlerMapping : Mapped "{[/translate/personal/selectInfo],methods=[POST]}" onto public java.util.List<com.springboot.domain.TpPersonInfo> com.springboot.controller.PersonalController.selectInfos(com.springboot.dto.PersonInfo)
2017-08-23 16:46:03.637  INFO 3024 --- [restartedMain] s.w.s.m.m.a.RequestMappingHandlerMapping : Mapped "{[/translate/personal/register],methods=[POST]}" onto public java.lang.String com.springboot.controller.PersonalController.insertPerson(com.springboot.domain.TpPersonal,com.springboot.domain.TpFile,org.springframework.validation.BindingResult)
2017-08-23 16:46:03.642  INFO 3024 --- [restartedMain] s.w.s.m.m.a.RequestMappingHandlerMapping : Mapped "{[/translate/personal/emailCheck]}" onto public java.lang.String com.springboot.controller.PersonalController.emailCheck(com.springboot.dto.CheckMail)
2017-08-23 16:46:03.643  INFO 3024 --- [restartedMain] s.w.s.m.m.a.RequestMappingHandlerMapping : Mapped "{[/translate/personal/sendMail]}" onto public void com.springboot.controller.PersonalController.sendMail(com.springboot.dto.CheckMail) throws java.lang.Exception
2017-08-23 16:46:03.643  INFO 3024 --- [restartedMain] s.w.s.m.m.a.RequestMappingHandlerMapping : Mapped "{[/translate/personal/delInfo]}" onto public java.lang.String com.springboot.controller.PersonalController.delInfo(com.springboot.dto.PersonInfo)
2017-08-23 16:46:03.644  INFO 3024 --- [restartedMain] s.w.s.m.m.a.RequestMappingHandlerMapping : Mapped "{[/translate/personal/latest]}" onto public java.util.List<com.springboot.domain.TpPersonInfo> com.springboot.controller.PersonalController.selectLatestFive(java.lang.Integer)
2017-08-23 16:46:03.653  INFO 3024 --- [restartedMain] s.w.s.m.m.a.RequestMappingHandlerMapping : Mapped "{[/translate/personal/login],methods=[POST]}" onto public java.lang.String com.springboot.controller.PersonalController.personalLogin(com.springboot.dto.Login,org.springframework.validation.BindingResult,javax.servlet.http.HttpSession)
2017-08-23 16:46:03.659  INFO 3024 --- [restartedMain] s.w.s.m.m.a.RequestMappingHandlerMapping : Mapped "{[/translate/personal/newInfo],methods=[POST]}" onto public java.lang.String com.springboot.controller.PersonalController.newInfo(com.springboot.domain.TpPersonInfo,javax.servlet.http.HttpSession)
2017-08-23 16:46:03.660  INFO 3024 --- [restartedMain] s.w.s.m.m.a.RequestMappingHandlerMapping : Mapped "{[/translate/personal/modifyInfo],methods=[POST]}" onto public void com.springboot.controller.PersonalController.updateInfoById(com.springboot.domain.TpPersonInfo)
2017-08-23 16:46:03.661  INFO 3024 --- [restartedMain] s.w.s.m.m.a.RequestMappingHandlerMapping : Mapped "{[/translate/personal/selectInfoById],methods=[POST]}" onto public com.springboot.domain.TpPersonInfo com.springboot.controller.PersonalController.selectInfoById(com.springboot.dto.PersonInfo)
2017-08-23 16:46:03.666  INFO 3024 --- [restartedMain] s.w.s.m.m.a.RequestMappingHandlerMapping : Mapped "{[/translate/serviceProvider/modifyerviceProvider],methods=[POST]}" onto public java.lang.String com.springboot.controller.ServiceProviderController.modifyEnterprise(com.springboot.dto.ServiceProvider,org.springframework.validation.BindingResult,javax.servlet.http.HttpSession)
2017-08-23 16:46:03.667  INFO 3024 --- [restartedMain] s.w.s.m.m.a.RequestMappingHandlerMapping : Mapped "{[/translate/serviceProvider/modifyPass],methods=[POST]}" onto public java.lang.String com.springboot.controller.ServiceProviderController.modifyPass(com.springboot.dto.Password,org.springframework.validation.BindingResult,javax.servlet.http.HttpSession)
2017-08-23 16:46:03.668  INFO 3024 --- [restartedMain] s.w.s.m.m.a.RequestMappingHandlerMapping : Mapped "{[/translate/serviceProvider/selectInfo],methods=[POST]}" onto public java.util.List<com.springboot.domain.TpServiceProviderInfo> com.springboot.controller.ServiceProviderController.selectInfos(com.springboot.dto.SelectServiceProviderInfo)
2017-08-23 16:46:03.669  INFO 3024 --- [restartedMain] s.w.s.m.m.a.RequestMappingHandlerMapping : Mapped "{[/translate/serviceProvider/newInfo],methods=[POST]}" onto public java.lang.String com.springboot.controller.ServiceProviderController.newInfo(com.springboot.domain.TpServiceProviderInfo)
2017-08-23 16:46:03.671  INFO 3024 --- [restartedMain] s.w.s.m.m.a.RequestMappingHandlerMapping : Mapped "{[/translate/serviceProvider/latest]}" onto public java.util.List<com.springboot.domain.TpServiceProviderInfo> com.springboot.controller.ServiceProviderController.selectLatestTen()
2017-08-23 16:46:03.673  INFO 3024 --- [restartedMain] s.w.s.m.m.a.RequestMappingHandlerMapping : Mapped "{[/translate/serviceProvider/register],methods=[POST]}" onto public java.lang.String com.springboot.controller.ServiceProviderController.insertServiceProvider(com.springboot.domain.TpServiceProvider,org.springframework.validation.BindingResult)
2017-08-23 16:46:03.674  INFO 3024 --- [restartedMain] s.w.s.m.m.a.RequestMappingHandlerMapping : Mapped "{[/translate/serviceProvider/login],methods=[POST]}" onto public java.lang.String com.springboot.controller.ServiceProviderController.serviceProviderLogin(java.lang.String,java.lang.String,javax.servlet.http.HttpSession)
2017-08-23 16:46:03.678  INFO 3024 --- [restartedMain] s.w.s.m.m.a.RequestMappingHandlerMapping : Mapped "{[/error]}" onto public org.springframework.http.ResponseEntity<java.util.Map<java.lang.String, java.lang.Object>> org.springframework.boot.autoconfigure.web.BasicErrorController.error(javax.servlet.http.HttpServletRequest)
2017-08-23 16:46:03.679  INFO 3024 --- [restartedMain] s.w.s.m.m.a.RequestMappingHandlerMapping : Mapped "{[/error],produces=[text/html]}" onto public org.springframework.web.servlet.ModelAndView org.springframework.boot.autoconfigure.web.BasicErrorController.errorHtml(javax.servlet.http.HttpServletRequest,javax.servlet.http.HttpServletResponse)
2017-08-23 16:46:03.755  INFO 3024 --- [restartedMain] o.s.w.s.handler.SimpleUrlHandlerMapping  : Mapped URL path [/webjars/**] onto handler of type [class org.springframework.web.servlet.resource.ResourceHttpRequestHandler]
2017-08-23 16:46:03.755  INFO 3024 --- [restartedMain] o.s.w.s.handler.SimpleUrlHandlerMapping  : Mapped URL path [/**] onto handler of type [class org.springframework.web.servlet.resource.ResourceHttpRequestHandler]
2017-08-23 16:46:03.793  INFO 3024 --- [restartedMain] .m.m.a.ExceptionHandlerExceptionResolver : Detected @ExceptionHandler methods in globalExceptionHandler
2017-08-23 16:46:03.855  INFO 3024 --- [restartedMain] o.s.w.s.handler.SimpleUrlHandlerMapping  : Mapped URL path [/**/favicon.ico] onto handler of type [class org.springframework.web.servlet.resource.ResourceHttpRequestHandler]
2017-08-23 16:46:03.941  WARN 3024 --- [restartedMain] .t.AbstractTemplateResolverConfiguration : Cannot find template location: classpath:/templates/ (please add some templates or check your Thymeleaf configuration)
2017-08-23 16:46:05.108  WARN 3024 --- [restartedMain] o.s.b.d.a.OptionalLiveReloadServer       : Unable to start LiveReload server
2017-08-23 16:46:05.218  INFO 3024 --- [restartedMain] o.s.j.e.a.AnnotationMBeanExporter        : Registering beans for JMX exposure on startup
2017-08-23 16:46:05.292 ERROR 3024 --- [restartedMain] o.a.coyote.http11.Http11NioProtocol      : Failed to start end point associated with ProtocolHandler ["http-nio-8080"]

java.net.BindException: Address already in use: bind
	at sun.nio.ch.Net.bind0(Native Method) ~[na:1.8.0_101]
	at sun.nio.ch.Net.bind(Net.java:433) ~[na:1.8.0_101]
	at sun.nio.ch.Net.bind(Net.java:425) ~[na:1.8.0_101]
	at sun.nio.ch.ServerSocketChannelImpl.bind(ServerSocketChannelImpl.java:223) ~[na:1.8.0_101]
	at sun.nio.ch.ServerSocketAdaptor.bind(ServerSocketAdaptor.java:74) ~[na:1.8.0_101]
	at org.apache.tomcat.util.net.NioEndpoint.bind(NioEndpoint.java:210) ~[tomcat-embed-core-8.5.15.jar:8.5.15]
	at org.apache.tomcat.util.net.AbstractEndpoint.start(AbstractEndpoint.java:978) ~[tomcat-embed-core-8.5.15.jar:8.5.15]
	at org.apache.coyote.AbstractProtocol.start(AbstractProtocol.java:628) ~[tomcat-embed-core-8.5.15.jar:8.5.15]
	at org.apache.catalina.connector.Connector.startInternal(Connector.java:1022) [tomcat-embed-core-8.5.15.jar:8.5.15]
	at org.apache.catalina.util.LifecycleBase.start(LifecycleBase.java:150) [tomcat-embed-core-8.5.15.jar:8.5.15]
	at org.apache.catalina.core.StandardService.addConnector(StandardService.java:225) [tomcat-embed-core-8.5.15.jar:8.5.15]
	at org.springframework.boot.context.embedded.tomcat.TomcatEmbeddedServletContainer.addPreviouslyRemovedConnectors(TomcatEmbeddedServletContainer.java:250) [spring-boot-1.5.4.RELEASE.jar:1.5.4.RELEASE]
	at org.springframework.boot.context.embedded.tomcat.TomcatEmbeddedServletContainer.start(TomcatEmbeddedServletContainer.java:193) [spring-boot-1.5.4.RELEASE.jar:1.5.4.RELEASE]
	at org.springframework.boot.context.embedded.EmbeddedWebApplicationContext.startEmbeddedServletContainer(EmbeddedWebApplicationContext.java:297) [spring-boot-1.5.4.RELEASE.jar:1.5.4.RELEASE]
	at org.springframework.boot.context.embedded.EmbeddedWebApplicationContext.finishRefresh(EmbeddedWebApplicationContext.java:145) [spring-boot-1.5.4.RELEASE.jar:1.5.4.RELEASE]
	at org.springframework.context.support.AbstractApplicationContext.refresh(AbstractApplicationContext.java:546) [spring-context-4.3.9.RELEASE.jar:4.3.9.RELEASE]
	at org.springframework.boot.context.embedded.EmbeddedWebApplicationContext.refresh(EmbeddedWebApplicationContext.java:122) [spring-boot-1.5.4.RELEASE.jar:1.5.4.RELEASE]
	at org.springframework.boot.SpringApplication.refresh(SpringApplication.java:693) [spring-boot-1.5.4.RELEASE.jar:1.5.4.RELEASE]
	at org.springframework.boot.SpringApplication.refreshContext(SpringApplication.java:360) [spring-boot-1.5.4.RELEASE.jar:1.5.4.RELEASE]
	at org.springframework.boot.SpringApplication.run(SpringApplication.java:303) [spring-boot-1.5.4.RELEASE.jar:1.5.4.RELEASE]
	at org.springframework.boot.SpringApplication.run(SpringApplication.java:1118) [spring-boot-1.5.4.RELEASE.jar:1.5.4.RELEASE]
	at org.springframework.boot.SpringApplication.run(SpringApplication.java:1107) [spring-boot-1.5.4.RELEASE.jar:1.5.4.RELEASE]
	at com.springboot.TranslateProjectApplication.main(TranslateProjectApplication.java:21) [classes/:na]
	at sun.reflect.NativeMethodAccessorImpl.invoke0(Native Method) ~[na:1.8.0_101]
	at sun.reflect.NativeMethodAccessorImpl.invoke(NativeMethodAccessorImpl.java:62) ~[na:1.8.0_101]
	at sun.reflect.DelegatingMethodAccessorImpl.invoke(DelegatingMethodAccessorImpl.java:43) ~[na:1.8.0_101]
	at java.lang.reflect.Method.invoke(Method.java:498) ~[na:1.8.0_101]
	at org.springframework.boot.devtools.restart.RestartLauncher.run(RestartLauncher.java:49) [spring-boot-devtools-1.5.4.RELEASE.jar:1.5.4.RELEASE]

2017-08-23 16:46:05.295 ERROR 3024 --- [restartedMain] o.apache.catalina.core.StandardService   : Failed to start connector [Connector[HTTP/1.1-8080]]

org.apache.catalina.LifecycleException: Failed to start component [Connector[HTTP/1.1-8080]]
	at org.apache.catalina.util.LifecycleBase.start(LifecycleBase.java:167) ~[tomcat-embed-core-8.5.15.jar:8.5.15]
	at org.apache.catalina.core.StandardService.addConnector(StandardService.java:225) ~[tomcat-embed-core-8.5.15.jar:8.5.15]
	at org.springframework.boot.context.embedded.tomcat.TomcatEmbeddedServletContainer.addPreviouslyRemovedConnectors(TomcatEmbeddedServletContainer.java:250) [spring-boot-1.5.4.RELEASE.jar:1.5.4.RELEASE]
	at org.springframework.boot.context.embedded.tomcat.TomcatEmbeddedServletContainer.start(TomcatEmbeddedServletContainer.java:193) [spring-boot-1.5.4.RELEASE.jar:1.5.4.RELEASE]
	at org.springframework.boot.context.embedded.EmbeddedWebApplicationContext.startEmbeddedServletContainer(EmbeddedWebApplicationContext.java:297) [spring-boot-1.5.4.RELEASE.jar:1.5.4.RELEASE]
	at org.springframework.boot.context.embedded.EmbeddedWebApplicationContext.finishRefresh(EmbeddedWebApplicationContext.java:145) [spring-boot-1.5.4.RELEASE.jar:1.5.4.RELEASE]
	at org.springframework.context.support.AbstractApplicationContext.refresh(AbstractApplicationContext.java:546) [spring-context-4.3.9.RELEASE.jar:4.3.9.RELEASE]
	at org.springframework.boot.context.embedded.EmbeddedWebApplicationContext.refresh(EmbeddedWebApplicationContext.java:122) [spring-boot-1.5.4.RELEASE.jar:1.5.4.RELEASE]
	at org.springframework.boot.SpringApplication.refresh(SpringApplication.java:693) [spring-boot-1.5.4.RELEASE.jar:1.5.4.RELEASE]
	at org.springframework.boot.SpringApplication.refreshContext(SpringApplication.java:360) [spring-boot-1.5.4.RELEASE.jar:1.5.4.RELEASE]
	at org.springframework.boot.SpringApplication.run(SpringApplication.java:303) [spring-boot-1.5.4.RELEASE.jar:1.5.4.RELEASE]
	at org.springframework.boot.SpringApplication.run(SpringApplication.java:1118) [spring-boot-1.5.4.RELEASE.jar:1.5.4.RELEASE]
	at org.springframework.boot.SpringApplication.run(SpringApplication.java:1107) [spring-boot-1.5.4.RELEASE.jar:1.5.4.RELEASE]
	at com.springboot.TranslateProjectApplication.main(TranslateProjectApplication.java:21) [classes/:na]
	at sun.reflect.NativeMethodAccessorImpl.invoke0(Native Method) ~[na:1.8.0_101]
	at sun.reflect.NativeMethodAccessorImpl.invoke(NativeMethodAccessorImpl.java:62) ~[na:1.8.0_101]
	at sun.reflect.DelegatingMethodAccessorImpl.invoke(DelegatingMethodAccessorImpl.java:43) ~[na:1.8.0_101]
	at java.lang.reflect.Method.invoke(Method.java:498) ~[na:1.8.0_101]
	at org.springframework.boot.devtools.restart.RestartLauncher.run(RestartLauncher.java:49) [spring-boot-devtools-1.5.4.RELEASE.jar:1.5.4.RELEASE]
Caused by: org.apache.catalina.LifecycleException: service.getName(): "Tomcat";  Protocol handler start failed
	at org.apache.catalina.connector.Connector.startInternal(Connector.java:1029) ~[tomcat-embed-core-8.5.15.jar:8.5.15]
	at org.apache.catalina.util.LifecycleBase.start(LifecycleBase.java:150) ~[tomcat-embed-core-8.5.15.jar:8.5.15]
	... 18 common frames omitted
Caused by: java.net.BindException: Address already in use: bind
	at sun.nio.ch.Net.bind0(Native Method) ~[na:1.8.0_101]
	at sun.nio.ch.Net.bind(Net.java:433) ~[na:1.8.0_101]
	at sun.nio.ch.Net.bind(Net.java:425) ~[na:1.8.0_101]
	at sun.nio.ch.ServerSocketChannelImpl.bind(ServerSocketChannelImpl.java:223) ~[na:1.8.0_101]
	at sun.nio.ch.ServerSocketAdaptor.bind(ServerSocketAdaptor.java:74) ~[na:1.8.0_101]
	at org.apache.tomcat.util.net.NioEndpoint.bind(NioEndpoint.java:210) ~[tomcat-embed-core-8.5.15.jar:8.5.15]
	at org.apache.tomcat.util.net.AbstractEndpoint.start(AbstractEndpoint.java:978) ~[tomcat-embed-core-8.5.15.jar:8.5.15]
	at org.apache.coyote.AbstractProtocol.start(AbstractProtocol.java:628) ~[tomcat-embed-core-8.5.15.jar:8.5.15]
	at org.apache.catalina.connector.Connector.startInternal(Connector.java:1022) ~[tomcat-embed-core-8.5.15.jar:8.5.15]
	... 19 common frames omitted

2017-08-23 16:46:05.311  INFO 3024 --- [restartedMain] o.apache.catalina.core.StandardService   : Stopping service [Tomcat]
2017-08-23 16:46:05.358  INFO 3024 --- [restartedMain] utoConfigurationReportLoggingInitializer : 

Error starting ApplicationContext. To display the auto-configuration report re-run your application with 'debug' enabled.
2017-08-23 16:46:05.369 ERROR 3024 --- [restartedMain] o.s.b.d.LoggingFailureAnalysisReporter   : 

***************************
APPLICATION FAILED TO START
***************************

Description:

The Tomcat connector configured to listen on port 8080 failed to start. The port may already be in use or the connector may be misconfigured.

Action:

Verify the connector's configuration, identify and stop any process that's listening on port 8080, or configure this application to listen on another port.

2017-08-23 16:46:05.372  INFO 3024 --- [restartedMain] ationConfigEmbeddedWebApplicationContext : Closing org.springframework.boot.context.embedded.AnnotationConfigEmbeddedWebApplicationContext@2800454: startup date [Wed Aug 23 16:45:49 CST 2017]; root of context hierarchy
2017-08-23 16:46:05.376  INFO 3024 --- [restartedMain] o.s.j.e.a.AnnotationMBeanExporter        : Unregistering JMX-exposed beans on shutdown
2017-08-23 16:46:05.378  INFO 3024 --- [restartedMain] j.LocalContainerEntityManagerFactoryBean : Closing JPA EntityManagerFactory for persistence unit 'default'
